This file contains any messages produced by compilers while
running configure, to aid debugging if configure makes a mistake.

It was created by Protocol Buffers configure 3.0.0-alpha-2, which was
generated by GNU Autoconf 2.69.  Invocation command line was

  $ ./configure 

## --------- ##
## Platform. ##
## --------- ##

hostname = rowlf.local
uname -m = x86_64
uname -r = 14.1.0
uname -s = Darwin
uname -v = Darwin Kernel Version 14.1.0: Thu Feb 26 19:26:47 PST 2015; root:xnu-2782.10.73~1/RELEASE_X86_64

/usr/bin/uname -p = i386
/bin/uname -X     = unknown

/bin/arch              = unknown
/usr/bin/arch -k       = unknown
/usr/convex/getsysinfo = unknown
/usr/bin/hostinfo      = Mach kernel version:
	 Darwin Kernel Version 14.1.0: Thu Feb 26 19:26:47 PST 2015; root:xnu-2782.10.73~1/RELEASE_X86_64
Kernel configured for up to 4 processors.
2 processors are physically available.
4 processors are logically available.
Processor type: x86_64h (Intel x86-64h Haswell)
Processors active: 0 1 2 3
Primary memory available: 16.00 gigabytes
Default processor set: 234 tasks, 1053 threads, 4 processors
Load average: 1.66, Mach factor: 2.32
/bin/machine           = unknown
/usr/bin/oslevel       = unknown
/bin/universe          = unknown

PATH: /opt/local/bin
PATH: /opt/local/sbin
PATH: /Users/bdarnell/bin
PATH: /Library/Frameworks/Python.framework/Versions/Current/bin
PATH: /opt/local/Library/Frameworks/Python.framework/Versions/2.7/bin
PATH: /Users/bdarnell/dotfiles/bin
PATH: /opt/local/bin
PATH: /opt/local/sbin
PATH: /usr/local/bin
PATH: /usr/local/bin
PATH: /usr/bin
PATH: /bin
PATH: /usr/sbin
PATH: /sbin
PATH: /usr/local/go/bin
PATH: /Users/bdarnell/bin
PATH: /Users/bdarnell/dotfiles/bin
PATH: /opt/local/bin
PATH: /Users/bdarnell/.emacs.d//gotools/bin
PATH: /Users/bdarnell/src/scala-2.7.7.final/bin
PATH: /opt/local/Library/Frameworks/Python.framework/Versions/3.2/bin


## ----------- ##
## Core tests. ##
## ----------- ##

configure:2495: checking whether to enable maintainer-specific portions of Makefiles
configure:2504: result: yes
configure:2576: checking build system type
configure:2590: result: x86_64-apple-darwin14.1.0
configure:2610: checking host system type
configure:2623: result: x86_64-apple-darwin14.1.0
configure:2643: checking target system type
configure:2656: result: x86_64-apple-darwin14.1.0
configure:2699: checking for a BSD-compatible install
configure:2767: result: /usr/bin/install -c
configure:2778: checking whether build environment is sane
configure:2833: result: yes
configure:2984: checking for a thread-safe mkdir -p
configure:3023: result: ./install-sh -c -d
configure:3030: checking for gawk
configure:3060: result: no
configure:3030: checking for mawk
configure:3060: result: no
configure:3030: checking for nawk
configure:3060: result: no
configure:3030: checking for awk
configure:3046: found /usr/bin/awk
configure:3057: result: awk
configure:3068: checking whether make sets $(MAKE)
configure:3090: result: yes
configure:3119: checking whether make supports nested variables
configure:3136: result: yes
configure:3225: checking whether UID '501' is supported by ustar format
configure:3228: result: yes
configure:3235: checking whether GID '20' is supported by ustar format
configure:3238: result: yes
configure:3246: checking how to create a ustar tar archive
configure:3257: tar --version
bsdtar 2.8.3 - libarchive 2.8.3
configure:3260: $? = 0
configure:3300: tardir=conftest.dir && eval tar --format=ustar -chf - "$tardir" >conftest.tar
configure:3303: $? = 0
configure:3307: tar -xf - <conftest.tar
configure:3310: $? = 0
configure:3312: cat conftest.dir/file
GrepMe
configure:3315: $? = 0
configure:3328: result: gnutar
configure:3446: checking for gcc
configure:3462: found /usr/bin/gcc
configure:3473: result: gcc
configure:3702: checking for C compiler version
configure:3711: gcc --version >&5
Apple LLVM version 6.0 (clang-600.0.57) (based on LLVM 3.5svn)
Target: x86_64-apple-darwin14.1.0
Thread model: posix
Configured with: --prefix=/Applications/Xcode.app/Contents/Developer/usr --with-gxx-include-dir=/usr/include/c++/4.2.1
configure:3722: $? = 0
configure:3711: gcc -v >&5
Configured with: --prefix=/Applications/Xcode.app/Contents/Developer/usr --with-gxx-include-dir=/usr/include/c++/4.2.1
Apple LLVM version 6.0 (clang-600.0.57) (based on LLVM 3.5svn)
Target: x86_64-apple-darwin14.1.0
Thread model: posix
configure:3722: $? = 0
configure:3711: gcc -V >&5
clang: error: argument to '-V' is missing (expected 1 value)
clang: error: no input files
configure:3722: $? = 1
configure:3711: gcc -qversion >&5
clang: error: unknown argument: '-qversion'
clang: error: no input files
configure:3722: $? = 1
configure:3742: checking whether the C compiler works
configure:3764: gcc    conftest.c  >&5
configure:3768: $? = 0
configure:3816: result: yes
configure:3819: checking for C compiler default output file name
configure:3821: result: a.out
configure:3827: checking for suffix of executables
configure:3834: gcc -o conftest    conftest.c  >&5
configure:3838: $? = 0
configure:3860: result: 
configure:3882: checking whether we are cross compiling
configure:3890: gcc -o conftest    conftest.c  >&5
configure:3894: $? = 0
configure:3901: ./conftest
configure:3905: $? = 0
configure:3920: result: no
configure:3925: checking for suffix of object files
configure:3947: gcc -c   conftest.c >&5
configure:3951: $? = 0
configure:3972: result: o
configure:3976: checking whether we are using the GNU C compiler
configure:3995: gcc -c   conftest.c >&5
configure:3995: $? = 0
configure:4004: result: yes
configure:4013: checking whether gcc accepts -g
configure:4033: gcc -c -g  conftest.c >&5
configure:4033: $? = 0
configure:4074: result: yes
configure:4091: checking for gcc option to accept ISO C89
configure:4154: gcc  -c   conftest.c >&5
configure:4154: $? = 0
configure:4167: result: none needed
configure:4192: checking whether gcc understands -c and -o together
configure:4214: gcc -c conftest.c -o conftest2.o
configure:4217: $? = 0
configure:4214: gcc -c conftest.c -o conftest2.o
configure:4217: $? = 0
configure:4229: result: yes
configure:4257: checking for style of include used by make
configure:4285: result: GNU
configure:4311: checking dependency style of gcc
configure:4422: result: gcc3
configure:4495: checking for g++
configure:4511: found /usr/bin/g++
configure:4522: result: g++
configure:4549: checking for C++ compiler version
configure:4558: g++ --version >&5
Apple LLVM version 6.0 (clang-600.0.57) (based on LLVM 3.5svn)
Target: x86_64-apple-darwin14.1.0
Thread model: posix
Configured with: --prefix=/Applications/Xcode.app/Contents/Developer/usr --with-gxx-include-dir=/usr/include/c++/4.2.1
configure:4569: $? = 0
configure:4558: g++ -v >&5
Configured with: --prefix=/Applications/Xcode.app/Contents/Developer/usr --with-gxx-include-dir=/usr/include/c++/4.2.1
Apple LLVM version 6.0 (clang-600.0.57) (based on LLVM 3.5svn)
Target: x86_64-apple-darwin14.1.0
Thread model: posix
configure:4569: $? = 0
configure:4558: g++ -V >&5
clang: error: argument to '-V' is missing (expected 1 value)
clang: error: no input files
configure:4569: $? = 1
configure:4558: g++ -qversion >&5
clang: error: unknown argument: '-qversion'
clang: error: no input files
configure:4569: $? = 1
configure:4573: checking whether we are using the GNU C++ compiler
configure:4592: g++ -c   conftest.cpp >&5
configure:4592: $? = 0
configure:4601: result: yes
configure:4610: checking whether g++ accepts -g
configure:4630: g++ -c -g  conftest.cpp >&5
configure:4630: $? = 0
configure:4671: result: yes
configure:4696: checking dependency style of g++
configure:4807: result: gcc3
configure:4834: checking how to run the C++ preprocessor
configure:4861: g++ -E  conftest.cpp
configure:4861: $? = 0
configure:4875: g++ -E  conftest.cpp
conftest.cpp:11:10: fatal error: 'ac_nonexistent.h' file not found
#include <ac_nonexistent.h>
         ^
1 error generated.
configure:4875: $? = 1
configure: failed program was:
| /* confdefs.h */
| #define PACKAGE_NAME "Protocol Buffers"
| #define PACKAGE_TARNAME "protobuf"
| #define PACKAGE_VERSION "3.0.0-alpha-2"
| #define PACKAGE_STRING "Protocol Buffers 3.0.0-alpha-2"
| #define PACKAGE_BUGREPORT "protobuf@googlegroups.com"
| #define PACKAGE_URL ""
| #define PACKAGE "protobuf"
| #define VERSION "3.0.0-alpha-2"
| /* end confdefs.h.  */
| #include <ac_nonexistent.h>
configure:4900: result: g++ -E
configure:4920: g++ -E  conftest.cpp
configure:4920: $? = 0
configure:4934: g++ -E  conftest.cpp
conftest.cpp:11:10: fatal error: 'ac_nonexistent.h' file not found
#include <ac_nonexistent.h>
         ^
1 error generated.
configure:4934: $? = 1
configure: failed program was:
| /* confdefs.h */
| #define PACKAGE_NAME "Protocol Buffers"
| #define PACKAGE_TARNAME "protobuf"
| #define PACKAGE_VERSION "3.0.0-alpha-2"
| #define PACKAGE_STRING "Protocol Buffers 3.0.0-alpha-2"
| #define PACKAGE_BUGREPORT "protobuf@googlegroups.com"
| #define PACKAGE_URL ""
| #define PACKAGE "protobuf"
| #define VERSION "3.0.0-alpha-2"
| /* end confdefs.h.  */
| #include <ac_nonexistent.h>
configure:4963: checking for grep that handles long lines and -e
configure:5021: result: /usr/bin/grep
configure:5026: checking for egrep
configure:5088: result: /usr/bin/grep -E
configure:5093: checking for ANSI C header files
configure:5113: g++ -c   conftest.cpp >&5
configure:5113: $? = 0
configure:5186: g++ -o conftest    conftest.cpp  >&5
configure:5186: $? = 0
configure:5186: ./conftest
configure:5186: $? = 0
configure:5197: result: yes
configure:5210: checking for sys/types.h
configure:5210: g++ -c   conftest.cpp >&5
configure:5210: $? = 0
configure:5210: result: yes
configure:5210: checking for sys/stat.h
configure:5210: g++ -c   conftest.cpp >&5
configure:5210: $? = 0
configure:5210: result: yes
configure:5210: checking for stdlib.h
configure:5210: g++ -c   conftest.cpp >&5
configure:5210: $? = 0
configure:5210: result: yes
configure:5210: checking for string.h
configure:5210: g++ -c   conftest.cpp >&5
configure:5210: $? = 0
configure:5210: result: yes
configure:5210: checking for memory.h
configure:5210: g++ -c   conftest.cpp >&5
configure:5210: $? = 0
configure:5210: result: yes
configure:5210: checking for strings.h
configure:5210: g++ -c   conftest.cpp >&5
configure:5210: $? = 0
configure:5210: result: yes
configure:5210: checking for inttypes.h
configure:5210: g++ -c   conftest.cpp >&5
configure:5210: $? = 0
configure:5210: result: yes
configure:5210: checking for stdint.h
configure:5210: g++ -c   conftest.cpp >&5
configure:5210: $? = 0
configure:5210: result: yes
configure:5210: checking for unistd.h
configure:5210: g++ -c   conftest.cpp >&5
configure:5210: $? = 0
configure:5210: result: yes
configure:5223: checking minix/config.h usability
configure:5223: g++ -c   conftest.cpp >&5
conftest.cpp:54:10: fatal error: 'minix/config.h' file not found
#include <minix/config.h>
         ^
1 error generated.
configure:5223: $? = 1
configure: failed program was:
| /* confdefs.h */
| #define PACKAGE_NAME "Protocol Buffers"
| #define PACKAGE_TARNAME "protobuf"
| #define PACKAGE_VERSION "3.0.0-alpha-2"
| #define PACKAGE_STRING "Protocol Buffers 3.0.0-alpha-2"
| #define PACKAGE_BUGREPORT "protobuf@googlegroups.com"
| #define PACKAGE_URL ""
| #define PACKAGE "protobuf"
| #define VERSION "3.0.0-alpha-2"
| #define STDC_HEADERS 1
| #define HAVE_SYS_TYPES_H 1
| #define HAVE_SYS_STAT_H 1
| #define HAVE_STDLIB_H 1
| #define HAVE_STRING_H 1
| #define HAVE_MEMORY_H 1
| #define HAVE_STRINGS_H 1
| #define HAVE_INTTYPES_H 1
| #define HAVE_STDINT_H 1
| #define HAVE_UNISTD_H 1
| /* end confdefs.h.  */
| #include <stdio.h>
| #ifdef HAVE_SYS_TYPES_H
| # include <sys/types.h>
| #endif
| #ifdef HAVE_SYS_STAT_H
| # include <sys/stat.h>
| #endif
| #ifdef STDC_HEADERS
| # include <stdlib.h>
| # include <stddef.h>
| #else
| # ifdef HAVE_STDLIB_H
| #  include <stdlib.h>
| # endif
| #endif
| #ifdef HAVE_STRING_H
| # if !defined STDC_HEADERS && defined HAVE_MEMORY_H
| #  include <memory.h>
| # endif
| # include <string.h>
| #endif
| #ifdef HAVE_STRINGS_H
| # include <strings.h>
| #endif
| #ifdef HAVE_INTTYPES_H
| # include <inttypes.h>
| #endif
| #ifdef HAVE_STDINT_H
| # include <stdint.h>
| #endif
| #ifdef HAVE_UNISTD_H
| # include <unistd.h>
| #endif
| #include <minix/config.h>
configure:5223: result: no
configure:5223: checking minix/config.h presence
configure:5223: g++ -E  conftest.cpp
conftest.cpp:21:10: fatal error: 'minix/config.h' file not found
#include <minix/config.h>
         ^
1 error generated.
configure:5223: $? = 1
configure: failed program was:
| /* confdefs.h */
| #define PACKAGE_NAME "Protocol Buffers"
| #define PACKAGE_TARNAME "protobuf"
| #define PACKAGE_VERSION "3.0.0-alpha-2"
| #define PACKAGE_STRING "Protocol Buffers 3.0.0-alpha-2"
| #define PACKAGE_BUGREPORT "protobuf@googlegroups.com"
| #define PACKAGE_URL ""
| #define PACKAGE "protobuf"
| #define VERSION "3.0.0-alpha-2"
| #define STDC_HEADERS 1
| #define HAVE_SYS_TYPES_H 1
| #define HAVE_SYS_STAT_H 1
| #define HAVE_STDLIB_H 1
| #define HAVE_STRING_H 1
| #define HAVE_MEMORY_H 1
| #define HAVE_STRINGS_H 1
| #define HAVE_INTTYPES_H 1
| #define HAVE_STDINT_H 1
| #define HAVE_UNISTD_H 1
| /* end confdefs.h.  */
| #include <minix/config.h>
configure:5223: result: no
configure:5223: checking for minix/config.h
configure:5223: result: no
configure:5244: checking whether it is safe to define __EXTENSIONS__
configure:5262: g++ -c   conftest.cpp >&5
configure:5262: $? = 0
configure:5269: result: yes
configure:5338: checking for ar
configure:5354: found /usr/bin/ar
configure:5365: result: ar
configure:5391: checking the archiver (ar) interface
configure:5407: gcc -c   conftest.c >&5
configure:5407: $? = 0
configure:5409: ar cru libconftest.a conftest.o >&5
configure:5412: $? = 0
configure:5440: result: ar
configure:5470: checking C++ compiler flags...
configure:5486: result: use default: -O2  -g -DNDEBUG
configure:5506: checking whether __SUNPRO_CC is declared
configure:5506: g++ -c  -g -DNDEBUG  conftest.cpp >&5
conftest.cpp:64:10: error: use of undeclared identifier '__SUNPRO_CC'
  (void) __SUNPRO_CC;
         ^
1 error generated.
configure:5506: $? = 1
configure: failed program was:
| /* confdefs.h */
| #define PACKAGE_NAME "Protocol Buffers"
| #define PACKAGE_TARNAME "protobuf"
| #define PACKAGE_VERSION "3.0.0-alpha-2"
| #define PACKAGE_STRING "Protocol Buffers 3.0.0-alpha-2"
| #define PACKAGE_BUGREPORT "protobuf@googlegroups.com"
| #define PACKAGE_URL ""
| #define PACKAGE "protobuf"
| #define VERSION "3.0.0-alpha-2"
| #define STDC_HEADERS 1
| #define HAVE_SYS_TYPES_H 1
| #define HAVE_SYS_STAT_H 1
| #define HAVE_STDLIB_H 1
| #define HAVE_STRING_H 1
| #define HAVE_MEMORY_H 1
| #define HAVE_STRINGS_H 1
| #define HAVE_INTTYPES_H 1
| #define HAVE_STDINT_H 1
| #define HAVE_UNISTD_H 1
| #define __EXTENSIONS__ 1
| #define _ALL_SOURCE 1
| #define _GNU_SOURCE 1
| #define _POSIX_PTHREAD_SEMANTICS 1
| #define _TANDEM_SOURCE 1
| /* end confdefs.h.  */
| #include <stdio.h>
| #ifdef HAVE_SYS_TYPES_H
| # include <sys/types.h>
| #endif
| #ifdef HAVE_SYS_STAT_H
| # include <sys/stat.h>
| #endif
| #ifdef STDC_HEADERS
| # include <stdlib.h>
| # include <stddef.h>
| #else
| # ifdef HAVE_STDLIB_H
| #  include <stdlib.h>
| # endif
| #endif
| #ifdef HAVE_STRING_H
| # if !defined STDC_HEADERS && defined HAVE_MEMORY_H
| #  include <memory.h>
| # endif
| # include <string.h>
| #endif
| #ifdef HAVE_STRINGS_H
| # include <strings.h>
| #endif
| #ifdef HAVE_INTTYPES_H
| # include <inttypes.h>
| #endif
| #ifdef HAVE_STDINT_H
| # include <stdint.h>
| #endif
| #ifdef HAVE_UNISTD_H
| # include <unistd.h>
| #endif
| int
| main ()
| {
| #ifndef __SUNPRO_CC
| #ifdef __cplusplus
|   (void) __SUNPRO_CC;
| #else
|   (void) __SUNPRO_CC;
| #endif
| #endif
| 
|   ;
|   return 0;
| }
configure:5506: result: no
configure:5681: checking how to print strings
configure:5708: result: printf
configure:5729: checking for a sed that does not truncate output
configure:5793: result: /usr/bin/sed
configure:5811: checking for fgrep
configure:5873: result: /usr/bin/grep -F
configure:5908: checking for ld used by gcc
configure:5975: result: /Applications/Xcode.app/Contents/Developer/Toolchains/XcodeDefault.xctoolchain/usr/bin/ld
configure:5982: checking if the linker (/Applications/Xcode.app/Contents/Developer/Toolchains/XcodeDefault.xctoolchain/usr/bin/ld) is GNU ld
configure:5997: result: no
configure:6009: checking for BSD- or MS-compatible name lister (nm)
configure:6063: result: /usr/bin/nm
configure:6193: checking the name lister (/usr/bin/nm) interface
configure:6200: g++ -c  -g -DNDEBUG  conftest.cpp >&5
configure:6203: /usr/bin/nm "conftest.o"
configure:6206: output
000000000000024c S _some_variable
configure:6213: result: BSD nm
configure:6216: checking whether ln -s works
configure:6220: result: yes
configure:6228: checking the maximum length of command line arguments
configure:6359: result: 196608
configure:6407: checking how to convert x86_64-apple-darwin14.1.0 file names to x86_64-apple-darwin14.1.0 format
configure:6447: result: func_convert_file_noop
configure:6454: checking how to convert x86_64-apple-darwin14.1.0 file names to toolchain format
configure:6474: result: func_convert_file_noop
configure:6481: checking for /Applications/Xcode.app/Contents/Developer/Toolchains/XcodeDefault.xctoolchain/usr/bin/ld option to reload object files
configure:6488: result: -r
configure:6562: checking for objdump
configure:6592: result: no
configure:6621: checking how to recognize dependent libraries
configure:6821: result: pass_all
configure:6906: checking for dlltool
configure:6936: result: no
configure:6966: checking how to associate runtime and link libraries
configure:6993: result: printf %s\n
configure:7117: checking for archiver @FILE support
configure:7134: g++ -c  -g -DNDEBUG  conftest.cpp >&5
configure:7134: $? = 0
configure:7137: ar cru libconftest.a @conftest.lst >&5
ar: @conftest.lst: No such file or directory
configure:7140: $? = 1
configure:7160: result: no
configure:7218: checking for strip
configure:7234: found /usr/bin/strip
configure:7245: result: strip
configure:7317: checking for ranlib
configure:7333: found /usr/bin/ranlib
configure:7344: result: ranlib
configure:7446: checking command to parse /usr/bin/nm output from gcc object
configure:7599: g++ -c  -g -DNDEBUG  conftest.cpp >&5
configure:7602: $? = 0
configure:7606: /usr/bin/nm conftest.o \| sed -n -e 's/^.*[ ]\([BCDEGRST][BCDEGRST]*\)[ ][ ]*\([_A-Za-z][_A-Za-z0-9]*\)$/\1 \2 \2/p' | sed '/ __gnu_lto/d' \> conftest.nm
configure:7609: $? = 0
cannot find nm_test_var in conftest.nm
configure:7599: g++ -c  -g -DNDEBUG  conftest.cpp >&5
configure:7602: $? = 0
configure:7606: /usr/bin/nm conftest.o \| sed -n -e 's/^.*[ ]\([BCDEGRST][BCDEGRST]*\)[ ][ ]*_\([_A-Za-z][_A-Za-z0-9]*\)$/\1 _\2 \2/p' | sed '/ __gnu_lto/d' \> conftest.nm
configure:7609: $? = 0
configure:7675: g++ -o conftest  -g -DNDEBUG   conftest.cpp conftstm.o >&5
configure:7678: $? = 0
configure:7716: result: ok
configure:7763: checking for sysroot
configure:7793: result: no
configure:7800: checking for a working dd
configure:7838: result: /bin/dd
configure:7842: checking how to truncate binary pipes
configure:7857: result: /bin/dd bs=4096 count=1
configure:8186: checking for mt
configure:8216: result: no
configure:8236: checking if : is a manifest tool
configure:8242: : '-?'
configure:8250: result: no
configure:8306: checking for dsymutil
configure:8322: found /usr/bin/dsymutil
configure:8333: result: dsymutil
configure:8398: checking for nmedit
configure:8414: found /usr/bin/nmedit
configure:8425: result: nmedit
configure:8490: checking for lipo
configure:8506: found /usr/bin/lipo
configure:8517: result: lipo
configure:8582: checking for otool
configure:8598: found /usr/bin/otool
configure:8609: result: otool
configure:8674: checking for otool64
configure:8704: result: no
configure:8749: checking for -single_module linker flag
gcc   -o libconftest.dylib -dynamiclib -Wl,-single_module conftest.c
configure:8782: result: yes
configure:8785: checking for -exported_symbols_list linker flag
configure:8805: g++ -o conftest  -g -DNDEBUG   -Wl,-exported_symbols_list,conftest.sym conftest.cpp  >&5
configure:8805: $? = 0
configure:8815: result: yes
configure:8818: checking for -force_load linker flag
gcc  -c -o conftest.o conftest.c
ar cru libconftest.a conftest.o
ranlib libconftest.a
gcc   -o conftest conftest.c -Wl,-force_load,./libconftest.a
configure:8850: result: yes
configure:8924: checking for dlfcn.h
configure:8924: g++ -c  -g -DNDEBUG  conftest.cpp >&5
configure:8924: $? = 0
configure:8924: result: yes
configure:9190: checking for objdir
configure:9205: result: .libs
configure:9469: checking if gcc supports -fno-rtti -fno-exceptions
configure:9487: gcc -c   -fno-rtti -fno-exceptions conftest.c >&5
configure:9491: $? = 0
configure:9504: result: yes
configure:9862: checking for gcc option to produce PIC
configure:9869: result: -fno-common -DPIC
configure:9877: checking if gcc PIC flag -fno-common -DPIC works
configure:9895: gcc -c   -fno-common -DPIC -DPIC conftest.c >&5
configure:9899: $? = 0
configure:9912: result: yes
configure:9941: checking if gcc static flag -static works
configure:9969: result: no
configure:9984: checking if gcc supports -c -o file.o
configure:10005: gcc -c   -o out/conftest2.o conftest.c >&5
configure:10009: $? = 0
configure:10031: result: yes
configure:10039: checking if gcc supports -c -o file.o
configure:10086: result: yes
configure:10119: checking whether the gcc linker (/Applications/Xcode.app/Contents/Developer/Toolchains/XcodeDefault.xctoolchain/usr/bin/ld) supports shared libraries
configure:11378: result: yes
configure:11618: checking dynamic linker characteristics
configure:12436: result: darwin14.1.0 dyld
configure:12558: checking how to hardcode library paths into programs
configure:12583: result: immediate
configure:13131: checking whether stripping libraries is possible
configure:13145: result: yes
configure:13171: checking if libtool supports shared libraries
configure:13173: result: yes
configure:13176: checking whether to build shared libraries
configure:13201: result: yes
configure:13204: checking whether to build static libraries
configure:13208: result: yes
configure:13231: checking how to run the C++ preprocessor
configure:13297: result: g++ -E
configure:13317: g++ -E  conftest.cpp
configure:13317: $? = 0
configure:13331: g++ -E  conftest.cpp
conftest.cpp:28:10: fatal error: 'ac_nonexistent.h' file not found
#include <ac_nonexistent.h>
         ^
1 error generated.
configure:13331: $? = 1
configure: failed program was:
| /* confdefs.h */
| #define PACKAGE_NAME "Protocol Buffers"
| #define PACKAGE_TARNAME "protobuf"
| #define PACKAGE_VERSION "3.0.0-alpha-2"
| #define PACKAGE_STRING "Protocol Buffers 3.0.0-alpha-2"
| #define PACKAGE_BUGREPORT "protobuf@googlegroups.com"
| #define PACKAGE_URL ""
| #define PACKAGE "protobuf"
| #define VERSION "3.0.0-alpha-2"
| #define STDC_HEADERS 1
| #define HAVE_SYS_TYPES_H 1
| #define HAVE_SYS_STAT_H 1
| #define HAVE_STDLIB_H 1
| #define HAVE_STRING_H 1
| #define HAVE_MEMORY_H 1
| #define HAVE_STRINGS_H 1
| #define HAVE_INTTYPES_H 1
| #define HAVE_STDINT_H 1
| #define HAVE_UNISTD_H 1
| #define __EXTENSIONS__ 1
| #define _ALL_SOURCE 1
| #define _GNU_SOURCE 1
| #define _POSIX_PTHREAD_SEMANTICS 1
| #define _TANDEM_SOURCE 1
| #define HAVE_DLFCN_H 1
| #define LT_OBJDIR ".libs/"
| /* end confdefs.h.  */
| #include <ac_nonexistent.h>
configure:13493: checking for ld used by g++
configure:13560: result: /Applications/Xcode.app/Contents/Developer/Toolchains/XcodeDefault.xctoolchain/usr/bin/ld
configure:13567: checking if the linker (/Applications/Xcode.app/Contents/Developer/Toolchains/XcodeDefault.xctoolchain/usr/bin/ld) is GNU ld
configure:13582: result: no
configure:13637: checking whether the g++ linker (/Applications/Xcode.app/Contents/Developer/Toolchains/XcodeDefault.xctoolchain/usr/bin/ld) supports shared libraries
configure:14710: result: yes
configure:14746: g++ -c  -g -DNDEBUG  conftest.cpp >&5
configure:14749: $? = 0
configure:15230: checking for g++ option to produce PIC
configure:15237: result: -fno-common -DPIC
configure:15245: checking if g++ PIC flag -fno-common -DPIC works
configure:15263: g++ -c  -g -DNDEBUG  -fno-common -DPIC -DPIC conftest.cpp >&5
configure:15267: $? = 0
configure:15280: result: yes
configure:15303: checking if g++ static flag -static works
configure:15331: result: no
configure:15343: checking if g++ supports -c -o file.o
configure:15364: g++ -c  -g -DNDEBUG  -o out/conftest2.o conftest.cpp >&5
configure:15368: $? = 0
configure:15390: result: yes
configure:15395: checking if g++ supports -c -o file.o
configure:15442: result: yes
configure:15472: checking whether the g++ linker (/Applications/Xcode.app/Contents/Developer/Toolchains/XcodeDefault.xctoolchain/usr/bin/ld) supports shared libraries
configure:15512: result: yes
configure:15653: checking dynamic linker characteristics
configure:16398: result: darwin14.1.0 dyld
configure:16463: checking how to hardcode library paths into programs
configure:16488: result: immediate
configure:16551: checking for ANSI C header files
configure:16655: result: yes
configure:16666: checking fcntl.h usability
configure:16666: g++ -c  -g -DNDEBUG  conftest.cpp >&5
configure:16666: $? = 0
configure:16666: result: yes
configure:16666: checking fcntl.h presence
configure:16666: g++ -E  conftest.cpp
configure:16666: $? = 0
configure:16666: result: yes
configure:16666: checking for fcntl.h
configure:16666: result: yes
configure:16666: checking for inttypes.h
configure:16666: result: yes
configure:16666: checking limits.h usability
configure:16666: g++ -c  -g -DNDEBUG  conftest.cpp >&5
configure:16666: $? = 0
configure:16666: result: yes
configure:16666: checking limits.h presence
configure:16666: g++ -E  conftest.cpp
configure:16666: $? = 0
configure:16666: result: yes
configure:16666: checking for limits.h
configure:16666: result: yes
configure:16666: checking for stdlib.h
configure:16666: result: yes
configure:16666: checking for unistd.h
configure:16666: result: yes
configure:16678: checking for working memcmp
configure:16721: g++ -o conftest  -g -DNDEBUG   conftest.cpp  >&5
configure:16721: $? = 0
configure:16721: ./conftest
configure:16721: $? = 0
configure:16731: result: yes
configure:16740: checking for working strtod
configure:16781: g++ -o conftest  -g -DNDEBUG   conftest.cpp  >&5
conftest.cpp:76:20: warning: conversion from string literal to 'char *' is deprecated [-Wc++11-compat-deprecated-writable-strings]
    char *string = " +69";
                   ^
conftest.cpp:87:20: warning: conversion from string literal to 'char *' is deprecated [-Wc++11-compat-deprecated-writable-strings]
    char *string = "NaN";
                   ^
2 warnings generated.
configure:16781: $? = 0
configure:16781: ./conftest
configure:16781: $? = 0
configure:16791: result: yes
configure:16856: checking for ftruncate
configure:16856: g++ -o conftest  -g -DNDEBUG   conftest.cpp  >&5
configure:16856: $? = 0
configure:16856: result: yes
configure:16856: checking for memset
configure:16856: g++ -o conftest  -g -DNDEBUG   conftest.cpp  >&5
configure:16856: $? = 0
configure:16856: result: yes
configure:16856: checking for mkdir
configure:16856: g++ -o conftest  -g -DNDEBUG   conftest.cpp  >&5
configure:16856: $? = 0
configure:16856: result: yes
configure:16856: checking for strchr
configure:16856: g++ -o conftest  -g -DNDEBUG   conftest.cpp  >&5
configure:16856: $? = 0
configure:16856: result: yes
configure:16856: checking for strerror
configure:16856: g++ -o conftest  -g -DNDEBUG   conftest.cpp  >&5
configure:16856: $? = 0
configure:16856: result: yes
configure:16856: checking for strtol
configure:16856: g++ -o conftest  -g -DNDEBUG   conftest.cpp  >&5
configure:16856: $? = 0
configure:16856: result: yes
configure:16870: checking zlib version
configure:16890: g++ -c  -g -DNDEBUG  conftest.cpp >&5
configure:16890: $? = 0
configure:16892: result: ok (1.2.0.4 or later)
configure:16896: checking for library containing zlibVersion
configure:16927: g++ -o conftest  -g -DNDEBUG   conftest.cpp  >&5
Undefined symbols for architecture x86_64:
  "_zlibVersion", referenced from:
      _main in conftest-6f136b.o
ld: symbol(s) not found for architecture x86_64
clang: error: linker command failed with exit code 1 (use -v to see invocation)
configure:16927: $? = 1
configure: failed program was:
| /* confdefs.h */
| #define PACKAGE_NAME "Protocol Buffers"
| #define PACKAGE_TARNAME "protobuf"
| #define PACKAGE_VERSION "3.0.0-alpha-2"
| #define PACKAGE_STRING "Protocol Buffers 3.0.0-alpha-2"
| #define PACKAGE_BUGREPORT "protobuf@googlegroups.com"
| #define PACKAGE_URL ""
| #define PACKAGE "protobuf"
| #define VERSION "3.0.0-alpha-2"
| #define STDC_HEADERS 1
| #define HAVE_SYS_TYPES_H 1
| #define HAVE_SYS_STAT_H 1
| #define HAVE_STDLIB_H 1
| #define HAVE_STRING_H 1
| #define HAVE_MEMORY_H 1
| #define HAVE_STRINGS_H 1
| #define HAVE_INTTYPES_H 1
| #define HAVE_STDINT_H 1
| #define HAVE_UNISTD_H 1
| #define __EXTENSIONS__ 1
| #define _ALL_SOURCE 1
| #define _GNU_SOURCE 1
| #define _POSIX_PTHREAD_SEMANTICS 1
| #define _TANDEM_SOURCE 1
| #define HAVE_DLFCN_H 1
| #define LT_OBJDIR ".libs/"
| #define STDC_HEADERS 1
| #define HAVE_FCNTL_H 1
| #define HAVE_INTTYPES_H 1
| #define HAVE_LIMITS_H 1
| #define HAVE_STDLIB_H 1
| #define HAVE_UNISTD_H 1
| #define HAVE_FTRUNCATE 1
| #define HAVE_MEMSET 1
| #define HAVE_MKDIR 1
| #define HAVE_STRCHR 1
| #define HAVE_STRERROR 1
| #define HAVE_STRTOL 1
| /* end confdefs.h.  */
| 
| /* Override any GCC internal prototype to avoid an error.
|    Use char because int might match the return type of a GCC
|    builtin and then its argument prototype would still apply.  */
| #ifdef __cplusplus
| extern "C"
| #endif
| char zlibVersion ();
| int
| main ()
| {
| return zlibVersion ();
|   ;
|   return 0;
| }
configure:16927: g++ -o conftest  -g -DNDEBUG   conftest.cpp -lz   >&5
configure:16927: $? = 0
configure:16944: result: -lz
configure:17195: checking for the pthreads library -lpthreads
configure:17228: gcc -o conftest     conftest.c -lpthreads -lz  >&5
ld: library not found for -lpthreads
clang: error: linker command failed with exit code 1 (use -v to see invocation)
configure:17228: $? = 1
configure: failed program was:
| /* confdefs.h */
| #define PACKAGE_NAME "Protocol Buffers"
| #define PACKAGE_TARNAME "protobuf"
| #define PACKAGE_VERSION "3.0.0-alpha-2"
| #define PACKAGE_STRING "Protocol Buffers 3.0.0-alpha-2"
| #define PACKAGE_BUGREPORT "protobuf@googlegroups.com"
| #define PACKAGE_URL ""
| #define PACKAGE "protobuf"
| #define VERSION "3.0.0-alpha-2"
| #define STDC_HEADERS 1
| #define HAVE_SYS_TYPES_H 1
| #define HAVE_SYS_STAT_H 1
| #define HAVE_STDLIB_H 1
| #define HAVE_STRING_H 1
| #define HAVE_MEMORY_H 1
| #define HAVE_STRINGS_H 1
| #define HAVE_INTTYPES_H 1
| #define HAVE_STDINT_H 1
| #define HAVE_UNISTD_H 1
| #define __EXTENSIONS__ 1
| #define _ALL_SOURCE 1
| #define _GNU_SOURCE 1
| #define _POSIX_PTHREAD_SEMANTICS 1
| #define _TANDEM_SOURCE 1
| #define HAVE_DLFCN_H 1
| #define LT_OBJDIR ".libs/"
| #define STDC_HEADERS 1
| #define HAVE_FCNTL_H 1
| #define HAVE_INTTYPES_H 1
| #define HAVE_LIMITS_H 1
| #define HAVE_STDLIB_H 1
| #define HAVE_UNISTD_H 1
| #define HAVE_FTRUNCATE 1
| #define HAVE_MEMSET 1
| #define HAVE_MKDIR 1
| #define HAVE_STRCHR 1
| #define HAVE_STRERROR 1
| #define HAVE_STRTOL 1
| #define HAVE_ZLIB 1
| /* end confdefs.h.  */
| #include <pthread.h>
| int
| main ()
| {
| pthread_t th; pthread_join(th, 0);
|                      pthread_attr_init(0); pthread_cleanup_push(0, 0);
|                      pthread_create(0,0,0,0); pthread_cleanup_pop(0);
|   ;
|   return 0;
| }
configure:17237: result: no
configure:17140: checking whether pthreads work without any flags
configure:17228: gcc -o conftest     conftest.c  -lz  >&5
configure:17228: $? = 0
configure:17237: result: yes
configure:17256: checking for joinable pthread attribute
configure:17271: gcc -o conftest     conftest.c  -lz  >&5
configure:17271: $? = 0
configure:17277: result: PTHREAD_CREATE_JOINABLE
configure:17287: checking if more special flags are required for pthreads
configure:17294: result: -D_THREAD_SAFE
configure:17383: checking whether to check for GCC pthread/shared inconsistencies
configure:17396: gcc -o conftest -shared -fPIC -Wl,-z,defs  -D_THREAD_SAFE    conftest.c  -lz  >&5
ld: unknown option: -z
clang: error: linker command failed with exit code 1 (use -v to see invocation)
configure:17396: $? = 1
configure: failed program was:
| /* confdefs.h */
| #define PACKAGE_NAME "Protocol Buffers"
| #define PACKAGE_TARNAME "protobuf"
| #define PACKAGE_VERSION "3.0.0-alpha-2"
| #define PACKAGE_STRING "Protocol Buffers 3.0.0-alpha-2"
| #define PACKAGE_BUGREPORT "protobuf@googlegroups.com"
| #define PACKAGE_URL ""
| #define PACKAGE "protobuf"
| #define VERSION "3.0.0-alpha-2"
| #define STDC_HEADERS 1
| #define HAVE_SYS_TYPES_H 1
| #define HAVE_SYS_STAT_H 1
| #define HAVE_STDLIB_H 1
| #define HAVE_STRING_H 1
| #define HAVE_MEMORY_H 1
| #define HAVE_STRINGS_H 1
| #define HAVE_INTTYPES_H 1
| #define HAVE_STDINT_H 1
| #define HAVE_UNISTD_H 1
| #define __EXTENSIONS__ 1
| #define _ALL_SOURCE 1
| #define _GNU_SOURCE 1
| #define _POSIX_PTHREAD_SEMANTICS 1
| #define _TANDEM_SOURCE 1
| #define HAVE_DLFCN_H 1
| #define LT_OBJDIR ".libs/"
| #define STDC_HEADERS 1
| #define HAVE_FCNTL_H 1
| #define HAVE_INTTYPES_H 1
| #define HAVE_LIMITS_H 1
| #define HAVE_STDLIB_H 1
| #define HAVE_UNISTD_H 1
| #define HAVE_FTRUNCATE 1
| #define HAVE_MEMSET 1
| #define HAVE_MKDIR 1
| #define HAVE_STRCHR 1
| #define HAVE_STRERROR 1
| #define HAVE_STRTOL 1
| #define HAVE_ZLIB 1
| /* end confdefs.h.  */
| 
| int
| main ()
| {
| 
|   ;
|   return 0;
| }
configure:17405: result: no
configure:17524: checking whether what we have so far is sufficient with -nostdlib
configure:17542: gcc -o conftest -nostdlib -shared -fPIC -Wl,-z,defs  -D_THREAD_SAFE    conftest.c  -lz  -lc >&5
ld: unknown option: -z
clang: error: linker command failed with exit code 1 (use -v to see invocation)
configure:17542: $? = 1
configure: failed program was:
| /* confdefs.h */
| #define PACKAGE_NAME "Protocol Buffers"
| #define PACKAGE_TARNAME "protobuf"
| #define PACKAGE_VERSION "3.0.0-alpha-2"
| #define PACKAGE_STRING "Protocol Buffers 3.0.0-alpha-2"
| #define PACKAGE_BUGREPORT "protobuf@googlegroups.com"
| #define PACKAGE_URL ""
| #define PACKAGE "protobuf"
| #define VERSION "3.0.0-alpha-2"
| #define STDC_HEADERS 1
| #define HAVE_SYS_TYPES_H 1
| #define HAVE_SYS_STAT_H 1
| #define HAVE_STDLIB_H 1
| #define HAVE_STRING_H 1
| #define HAVE_MEMORY_H 1
| #define HAVE_STRINGS_H 1
| #define HAVE_INTTYPES_H 1
| #define HAVE_STDINT_H 1
| #define HAVE_UNISTD_H 1
| #define __EXTENSIONS__ 1
| #define _ALL_SOURCE 1
| #define _GNU_SOURCE 1
| #define _POSIX_PTHREAD_SEMANTICS 1
| #define _TANDEM_SOURCE 1
| #define HAVE_DLFCN_H 1
| #define LT_OBJDIR ".libs/"
| #define STDC_HEADERS 1
| #define HAVE_FCNTL_H 1
| #define HAVE_INTTYPES_H 1
| #define HAVE_LIMITS_H 1
| #define HAVE_STDLIB_H 1
| #define HAVE_UNISTD_H 1
| #define HAVE_FTRUNCATE 1
| #define HAVE_MEMSET 1
| #define HAVE_MKDIR 1
| #define HAVE_STRCHR 1
| #define HAVE_STRERROR 1
| #define HAVE_STRTOL 1
| #define HAVE_ZLIB 1
| /* end confdefs.h.  */
| #include <pthread.h>
| int
| main ()
| {
| pthread_t th; pthread_join(th, 0);
| 	       pthread_attr_init(0); pthread_cleanup_push(0, 0);
| 	       pthread_create(0,0,0,0); pthread_cleanup_pop(0);
|   ;
|   return 0;
| }
configure:17554: result: no
configure:17559: checking whether -lpthread saves the day
configure:17575: gcc -o conftest -nostdlib -shared -fPIC -Wl,-z,defs  -D_THREAD_SAFE    conftest.c -lpthread  -lz  -lc >&5
ld: unknown option: -z
clang: error: linker command failed with exit code 1 (use -v to see invocation)
configure:17575: $? = 1
configure: failed program was:
| /* confdefs.h */
| #define PACKAGE_NAME "Protocol Buffers"
| #define PACKAGE_TARNAME "protobuf"
| #define PACKAGE_VERSION "3.0.0-alpha-2"
| #define PACKAGE_STRING "Protocol Buffers 3.0.0-alpha-2"
| #define PACKAGE_BUGREPORT "protobuf@googlegroups.com"
| #define PACKAGE_URL ""
| #define PACKAGE "protobuf"
| #define VERSION "3.0.0-alpha-2"
| #define STDC_HEADERS 1
| #define HAVE_SYS_TYPES_H 1
| #define HAVE_SYS_STAT_H 1
| #define HAVE_STDLIB_H 1
| #define HAVE_STRING_H 1
| #define HAVE_MEMORY_H 1
| #define HAVE_STRINGS_H 1
| #define HAVE_INTTYPES_H 1
| #define HAVE_STDINT_H 1
| #define HAVE_UNISTD_H 1
| #define __EXTENSIONS__ 1
| #define _ALL_SOURCE 1
| #define _GNU_SOURCE 1
| #define _POSIX_PTHREAD_SEMANTICS 1
| #define _TANDEM_SOURCE 1
| #define HAVE_DLFCN_H 1
| #define LT_OBJDIR ".libs/"
| #define STDC_HEADERS 1
| #define HAVE_FCNTL_H 1
| #define HAVE_INTTYPES_H 1
| #define HAVE_LIMITS_H 1
| #define HAVE_STDLIB_H 1
| #define HAVE_UNISTD_H 1
| #define HAVE_FTRUNCATE 1
| #define HAVE_MEMSET 1
| #define HAVE_MKDIR 1
| #define HAVE_STRCHR 1
| #define HAVE_STRERROR 1
| #define HAVE_STRTOL 1
| #define HAVE_ZLIB 1
| /* end confdefs.h.  */
| #include <pthread.h>
| int
| main ()
| {
| pthread_t th; pthread_join(th, 0);
| 	       pthread_attr_init(0); pthread_cleanup_push(0, 0);
| 	       pthread_create(0,0,0,0); pthread_cleanup_pop(0);
|   ;
|   return 0;
| }
configure:17588: result: no
configure:17590: WARNING: Impossible to determine how to use pthreads with shared libraries and -nostdlib
configure:17624: checking the location of hash_map
configure:17650: g++ -c  -g -DNDEBUG  conftest.cpp >&5
configure:17650: $? = 0
configure:17672: g++ -c  -g -DNDEBUG  conftest.cpp >&5
configure:17672: $? = 0
configure:17739: result: <unordered_map>
configure:17754: checking for library containing sched_yield
configure:17785: g++ -o conftest  -g -DNDEBUG   conftest.cpp -lz  >&5
configure:17785: $? = 0
configure:17802: result: none required
configure:17943: checking that generated files are newer than configure
configure:17949: result: done
configure:17988: creating ./config.status

## ---------------------- ##
## Running config.status. ##
## ---------------------- ##

This file was extended by Protocol Buffers config.status 3.0.0-alpha-2, which was
generated by GNU Autoconf 2.69.  Invocation command line was

  CONFIG_FILES    = 
  CONFIG_HEADERS  = 
  CONFIG_LINKS    = 
  CONFIG_COMMANDS = 
  $ ./config.status 

on rowlf.local

config.status:1194: creating Makefile
config.status:1194: creating src/Makefile
config.status:1194: creating protobuf.pc
config.status:1194: creating protobuf-lite.pc
config.status:1194: creating config.h
config.status:1423: executing depfiles commands
config.status:1423: executing libtool commands
configure:20465: === configuring in gtest (/Users/bdarnell/work/cockroach/src/github.com/cockroachdb/c-protobuf/internal/gtest)
configure:20528: running /bin/sh ./configure --disable-option-checking '--prefix=/usr/local'  --cache-file=/dev/null --srcdir=.

## ---------------- ##
## Cache variables. ##
## ---------------- ##

ac_cv_build=x86_64-apple-darwin14.1.0
ac_cv_c_compiler_gnu=yes
ac_cv_cxx_compiler_gnu=yes
ac_cv_cxx_hash_map='<unordered_map>'
ac_cv_cxx_hash_map_class=unordered_map
ac_cv_cxx_hash_namespace=std
ac_cv_cxx_hash_set='<unordered_set>'
ac_cv_cxx_hash_set_class=unordered_set
ac_cv_env_CCC_set=
ac_cv_env_CCC_value=
ac_cv_env_CC_set=
ac_cv_env_CC_value=
ac_cv_env_CFLAGS_set=
ac_cv_env_CFLAGS_value=
ac_cv_env_CPPFLAGS_set=
ac_cv_env_CPPFLAGS_value=
ac_cv_env_CXXCPP_set=
ac_cv_env_CXXCPP_value=
ac_cv_env_CXXFLAGS_set=
ac_cv_env_CXXFLAGS_value=
ac_cv_env_CXX_set=
ac_cv_env_CXX_value=
ac_cv_env_DIST_LANG_set=
ac_cv_env_DIST_LANG_value=
ac_cv_env_LDFLAGS_set=
ac_cv_env_LDFLAGS_value=
ac_cv_env_LIBS_set=
ac_cv_env_LIBS_value=
ac_cv_env_LT_SYS_LIBRARY_PATH_set=
ac_cv_env_LT_SYS_LIBRARY_PATH_value=
ac_cv_env_build_alias_set=
ac_cv_env_build_alias_value=
ac_cv_env_host_alias_set=
ac_cv_env_host_alias_value=
ac_cv_env_target_alias_set=
ac_cv_env_target_alias_value=
ac_cv_func_ftruncate=yes
ac_cv_func_memcmp_working=yes
ac_cv_func_memset=yes
ac_cv_func_mkdir=yes
ac_cv_func_strchr=yes
ac_cv_func_strerror=yes
ac_cv_func_strtod=yes
ac_cv_func_strtol=yes
ac_cv_have_decl___SUNPRO_CC=no
ac_cv_header_dlfcn_h=yes
ac_cv_header_fcntl_h=yes
ac_cv_header_inttypes_h=yes
ac_cv_header_limits_h=yes
ac_cv_header_memory_h=yes
ac_cv_header_minix_config_h=no
ac_cv_header_stdc=yes
ac_cv_header_stdint_h=yes
ac_cv_header_stdlib_h=yes
ac_cv_header_string_h=yes
ac_cv_header_strings_h=yes
ac_cv_header_sys_stat_h=yes
ac_cv_header_sys_types_h=yes
ac_cv_header_unistd_h=yes
ac_cv_host=x86_64-apple-darwin14.1.0
ac_cv_objext=o
ac_cv_path_EGREP='/usr/bin/grep -E'
ac_cv_path_FGREP='/usr/bin/grep -F'
ac_cv_path_GREP=/usr/bin/grep
ac_cv_path_SED=/usr/bin/sed
ac_cv_path_install='/usr/bin/install -c'
ac_cv_path_lt_DD=/bin/dd
ac_cv_prog_AWK=awk
ac_cv_prog_CXXCPP='g++ -E'
ac_cv_prog_ac_ct_AR=ar
ac_cv_prog_ac_ct_CC=gcc
ac_cv_prog_ac_ct_CXX=g++
ac_cv_prog_ac_ct_DSYMUTIL=dsymutil
ac_cv_prog_ac_ct_LIPO=lipo
ac_cv_prog_ac_ct_NMEDIT=nmedit
ac_cv_prog_ac_ct_OTOOL=otool
ac_cv_prog_ac_ct_RANLIB=ranlib
ac_cv_prog_ac_ct_STRIP=strip
ac_cv_prog_cc_c89=
ac_cv_prog_cc_g=yes
ac_cv_prog_cxx_g=yes
ac_cv_prog_make_make_set=yes
ac_cv_safe_to_define___extensions__=yes
ac_cv_search_sched_yield='none required'
ac_cv_search_zlibVersion=-lz
ac_cv_target=x86_64-apple-darwin14.1.0
am_cv_CC_dependencies_compiler_type=gcc3
am_cv_CXX_dependencies_compiler_type=gcc3
am_cv_ar_interface=ar
am_cv_make_support_nested_variables=yes
am_cv_prog_cc_c_o=yes
am_cv_prog_tar_ustar=gnutar
lt_cv_apple_cc_single_mod=yes
lt_cv_ar_at_file=no
lt_cv_deplibs_check_method=pass_all
lt_cv_file_magic_cmd='$MAGIC_CMD'
lt_cv_file_magic_test_file=
lt_cv_ld_exported_symbols_list=yes
lt_cv_ld_force_load=yes
lt_cv_ld_reload_flag=-r
lt_cv_nm_interface='BSD nm'
lt_cv_objdir=.libs
lt_cv_path_LD=/Applications/Xcode.app/Contents/Developer/Toolchains/XcodeDefault.xctoolchain/usr/bin/ld
lt_cv_path_LDCXX=/Applications/Xcode.app/Contents/Developer/Toolchains/XcodeDefault.xctoolchain/usr/bin/ld
lt_cv_path_NM=/usr/bin/nm
lt_cv_path_mainfest_tool=no
lt_cv_prog_compiler_c_o=yes
lt_cv_prog_compiler_c_o_CXX=yes
lt_cv_prog_compiler_pic='-fno-common -DPIC'
lt_cv_prog_compiler_pic_CXX='-fno-common -DPIC'
lt_cv_prog_compiler_pic_works=yes
lt_cv_prog_compiler_pic_works_CXX=yes
lt_cv_prog_compiler_rtti_exceptions=yes
lt_cv_prog_compiler_static_works=no
lt_cv_prog_compiler_static_works_CXX=no
lt_cv_prog_gnu_ld=no
lt_cv_prog_gnu_ldcxx=no
lt_cv_sharedlib_from_linklib_cmd='printf %s\n'
lt_cv_sys_global_symbol_pipe='sed -n -e '\''s/^.*[	 ]\([BCDEGRST][BCDEGRST]*\)[	 ][	 ]*_\([_A-Za-z][_A-Za-z0-9]*\)$/\1 _\2 \2/p'\'' | sed '\''/ __gnu_lto/d'\'''
lt_cv_sys_global_symbol_to_c_name_address='sed -n -e '\''s/^: \(.*\) .*$/  {"\1", (void *) 0},/p'\'' -e '\''s/^[BCDEGRST][BCDEGRST]* .* \(.*\)$/  {"\1", (void *) \&\1},/p'\'''
lt_cv_sys_global_symbol_to_c_name_address_lib_prefix='sed -n -e '\''s/^: \(.*\) .*$/  {"\1", (void *) 0},/p'\'' -e '\''s/^[BCDEGRST][BCDEGRST]* .* \(lib.*\)$/  {"\1", (void *) \&\1},/p'\'' -e '\''s/^[BCDEGRST][BCDEGRST]* .* \(.*\)$/  {"lib\1", (void *) \&\1},/p'\'''
lt_cv_sys_global_symbol_to_cdecl='sed -n -e '\''s/^T .* \(.*\)$/extern int \1();/p'\'' -e '\''s/^[BCDEGRST][BCDEGRST]* .* \(.*\)$/extern char \1;/p'\'''
lt_cv_sys_global_symbol_to_import=
lt_cv_sys_max_cmd_len=196608
lt_cv_to_host_file_cmd=func_convert_file_noop
lt_cv_to_tool_file_cmd=func_convert_file_noop
lt_cv_truncate_bin='/bin/dd bs=4096 count=1'

## ----------------- ##
## Output variables. ##
## ----------------- ##

ACLOCAL='${SHELL} /Users/bdarnell/work/cockroach/src/github.com/cockroachdb/c-protobuf/internal/missing aclocal-1.15'
AMDEPBACKSLASH='\'
AMDEP_FALSE='#'
AMDEP_TRUE=''
AMTAR='$${TAR-tar}'
AM_BACKSLASH='\'
AM_DEFAULT_V='$(AM_DEFAULT_VERBOSITY)'
AM_DEFAULT_VERBOSITY='1'
AM_V='$(V)'
AR='ar'
AUTOCONF='${SHELL} /Users/bdarnell/work/cockroach/src/github.com/cockroachdb/c-protobuf/internal/missing autoconf'
AUTOHEADER='${SHELL} /Users/bdarnell/work/cockroach/src/github.com/cockroachdb/c-protobuf/internal/missing autoheader'
AUTOMAKE='${SHELL} /Users/bdarnell/work/cockroach/src/github.com/cockroachdb/c-protobuf/internal/missing automake-1.15'
AWK='awk'
CC='gcc'
CCDEPMODE='depmode=gcc3'
CFLAGS=''
CPPFLAGS=''
CXX='g++'
CXXCPP='g++ -E'
CXXDEPMODE='depmode=gcc3'
CXXFLAGS=' -g -DNDEBUG'
CYGPATH_W='echo'
DEFS='-DHAVE_CONFIG_H'
DEPDIR='.deps'
DIST_LANG='all'
DLLTOOL='false'
DSYMUTIL='dsymutil'
DUMPBIN=''
ECHO_C='\c'
ECHO_N=''
ECHO_T=''
EGREP='/usr/bin/grep -E'
EXEEXT=''
FGREP='/usr/bin/grep -F'
GCC_FALSE='#'
GCC_TRUE=''
GREP='/usr/bin/grep'
HAVE_ZLIB_FALSE='#'
HAVE_ZLIB_TRUE=''
INSTALL_DATA='${INSTALL} -m 644'
INSTALL_PROGRAM='${INSTALL}'
INSTALL_SCRIPT='${INSTALL}'
INSTALL_STRIP_PROGRAM='$(install_sh) -c -s'
ISAINFO=''
LD='/Applications/Xcode.app/Contents/Developer/Toolchains/XcodeDefault.xctoolchain/usr/bin/ld'
LDFLAGS=''
LIBOBJS=''
LIBS='-lz '
LIBTOOL='$(SHELL) $(top_builddir)/libtool'
LIPO='lipo'
LN_S='ln -s'
LTLIBOBJS=''
LT_SYS_LIBRARY_PATH=''
MAINT=''
MAINTAINER_MODE_FALSE='#'
MAINTAINER_MODE_TRUE=''
MAKEINFO='${SHELL} /Users/bdarnell/work/cockroach/src/github.com/cockroachdb/c-protobuf/internal/missing makeinfo'
MANIFEST_TOOL=':'
MKDIR_P='./install-sh -c -d'
NM='/usr/bin/nm'
NMEDIT='nmedit'
OBJDUMP='false'
OBJEXT='o'
OTOOL64=':'
OTOOL='otool'
PACKAGE='protobuf'
PACKAGE_BUGREPORT='protobuf@googlegroups.com'
PACKAGE_NAME='Protocol Buffers'
PACKAGE_STRING='Protocol Buffers 3.0.0-alpha-2'
PACKAGE_TARNAME='protobuf'
PACKAGE_URL=''
PACKAGE_VERSION='3.0.0-alpha-2'
PATH_SEPARATOR=':'
POW_LIB=''
PROTOBUF_OPT_FLAG='-O2'
PROTOC=''
PTHREAD_CC='gcc'
PTHREAD_CFLAGS='-D_THREAD_SAFE '
PTHREAD_LIBS=''
RANLIB='ranlib'
SED='/usr/bin/sed'
SET_MAKE=''
SHELL='/bin/sh'
STRIP='strip'
USE_EXTERNAL_PROTOC_FALSE=''
USE_EXTERNAL_PROTOC_TRUE='#'
VERSION='3.0.0-alpha-2'
ac_ct_AR='ar'
ac_ct_CC='gcc'
ac_ct_CXX='g++'
ac_ct_DUMPBIN=''
acx_pthread_config=''
am__EXEEXT_FALSE=''
am__EXEEXT_TRUE='#'
am__fastdepCC_FALSE='#'
am__fastdepCC_TRUE=''
am__fastdepCXX_FALSE='#'
am__fastdepCXX_TRUE=''
am__include='include'
am__isrc=''
am__leading_dot='.'
am__nodep='_no'
am__quote=''
am__tar='tar --format=ustar -chf - "$$tardir"'
am__untar='tar -xf -'
bindir='${exec_prefix}/bin'
build='x86_64-apple-darwin14.1.0'
build_alias=''
build_cpu='x86_64'
build_os='darwin14.1.0'
build_vendor='apple'
datadir='${datarootdir}'
datarootdir='${prefix}/share'
docdir='${datarootdir}/doc/${PACKAGE_TARNAME}'
dvidir='${docdir}'
exec_prefix='${prefix}'
host='x86_64-apple-darwin14.1.0'
host_alias=''
host_cpu='x86_64'
host_os='darwin14.1.0'
host_vendor='apple'
htmldir='${docdir}'
includedir='${prefix}/include'
infodir='${datarootdir}/info'
install_sh='${SHELL} /Users/bdarnell/work/cockroach/src/github.com/cockroachdb/c-protobuf/internal/install-sh'
libdir='${exec_prefix}/lib'
libexecdir='${exec_prefix}/libexec'
localedir='${datarootdir}/locale'
localstatedir='${prefix}/var'
mandir='${datarootdir}/man'
mkdir_p='$(MKDIR_P)'
oldincludedir='/usr/include'
pdfdir='${docdir}'
prefix='/usr/local'
program_transform_name='s,x,x,'
psdir='${docdir}'
sbindir='${exec_prefix}/sbin'
sharedstatedir='${prefix}/com'
subdirs=' gtest'
sysconfdir='${prefix}/etc'
target='x86_64-apple-darwin14.1.0'
target_alias=''
target_cpu='x86_64'
target_os='darwin14.1.0'
target_vendor='apple'

## ----------- ##
## confdefs.h. ##
## ----------- ##

/* confdefs.h */
#define PACKAGE_NAME "Protocol Buffers"
#define PACKAGE_TARNAME "protobuf"
#define PACKAGE_VERSION "3.0.0-alpha-2"
#define PACKAGE_STRING "Protocol Buffers 3.0.0-alpha-2"
#define PACKAGE_BUGREPORT "protobuf@googlegroups.com"
#define PACKAGE_URL ""
#define PACKAGE "protobuf"
#define VERSION "3.0.0-alpha-2"
#define STDC_HEADERS 1
#define HAVE_SYS_TYPES_H 1
#define HAVE_SYS_STAT_H 1
#define HAVE_STDLIB_H 1
#define HAVE_STRING_H 1
#define HAVE_MEMORY_H 1
#define HAVE_STRINGS_H 1
#define HAVE_INTTYPES_H 1
#define HAVE_STDINT_H 1
#define HAVE_UNISTD_H 1
#define __EXTENSIONS__ 1
#define _ALL_SOURCE 1
#define _GNU_SOURCE 1
#define _POSIX_PTHREAD_SEMANTICS 1
#define _TANDEM_SOURCE 1
#define HAVE_DLFCN_H 1
#define LT_OBJDIR ".libs/"
#define STDC_HEADERS 1
#define HAVE_FCNTL_H 1
#define HAVE_INTTYPES_H 1
#define HAVE_LIMITS_H 1
#define HAVE_STDLIB_H 1
#define HAVE_UNISTD_H 1
#define HAVE_FTRUNCATE 1
#define HAVE_MEMSET 1
#define HAVE_MKDIR 1
#define HAVE_STRCHR 1
#define HAVE_STRERROR 1
#define HAVE_STRTOL 1
#define HAVE_ZLIB 1
#define HAVE_PTHREAD 1
#define HAVE_HASH_MAP 1
#define HAVE_HASH_SET 1
#define HASH_MAP_H <unordered_map>
#define HASH_SET_H <unordered_set>
#define HASH_NAMESPACE std
#define HASH_MAP_CLASS unordered_map
#define HASH_SET_CLASS unordered_set

configure: exit 0
